<?xml version="1.0" encoding="UTF-8"?>
<!-- Generated by org.testng.reporters.JUnitReportReporter -->
<testsuite hostname="FVFHXGVDQ6LR" failures="0" tests="1" name="CollectionOfRec.Patch" time="0.729" errors="0" timestamp="2023-05-16T16:45:32 IST" skipped="0">
  <testcase classname="CollectionOfRec.Patch" name="M1" time="0.729"/>
  <system-out/>
</testsuite> <!-- CollectionOfRec.Patch -->
