<?xml version="1.0" encoding="UTF-8"?>
<!-- Generated by org.testng.reporters.JUnitReportReporter -->
<testsuite hostname="FVFHXGVDQ6LR" failures="0" tests="1" name="CollectionOfRec.Delete" time="0.778" errors="0" timestamp="2023-05-16T16:45:16 IST" skipped="0">
  <testcase classname="CollectionOfRec.Delete" name="TC1" time="0.778"/>
  <system-out/>
</testsuite> <!-- CollectionOfRec.Delete -->
