<?xml version="1.0" encoding="UTF-8"?>
<!-- Generated by org.testng.reporters.JUnitReportReporter -->
<testsuite hostname="FVFHXGVDQ6LR" failures="0" tests="1" name="Selenium_Frameworks.DataDriven_Framework.DataDrivenProgram1" time="6.943" errors="0" timestamp="2023-05-18T10:15:00 IST" skipped="0">
  <testcase classname="Selenium_Frameworks.DataDriven_Framework.DataDrivenProgram1" name="dataDriver" time="6.943"/>
  <system-out/>
</testsuite> <!-- Selenium_Frameworks.DataDriven_Framework.DataDrivenProgram1 -->
